Flutter crash report.
Please report a bug at https://github.com/flutter/flutter/issues.

## command

flutter run --machine --start-paused -d chrome --devtools-server-address http://127.0.0.1:9100/ --target D:\projects\flutter_application_2\lib\main.dart

## exception

FileSystemException: FileSystemException: writeFrom failed, path = 'C:\Users\Infotech\AppData\Roaming\.dart-tool\dart-flutter-telemetry.log' (OS Error: There is not enough space on the disk.
, errno = 112)

```
#0      _RandomAccessFile.writeFromSync (dart:io/file_impl.dart:905:7)
#1      _File.writeAsBytesSync (dart:io/file_impl.dart:646:14)
#2      _File.writeAsStringSync (dart:io/file_impl.dart:668:5)
#3      ForwardingFile.writeAsStringSync (package:file/src/forwarding/forwarding_file.dart:150:16)
#4      LogHandler.save (package:unified_analytics/src/log_handler.dart:283:15)
#5      AnalyticsImpl.send (package:unified_analytics/src/analytics.dart:608:17)
#6      FlutterCommand._sendPostUsage (package:flutter_tools/src/runner/flutter_command.dart:1621:15)
#7      FlutterCommand.run.<anonymous closure> (package:flutter_tools/src/runner/flutter_command.dart:1394:13)
<asynchronous suspension>
#8      AppContext.run.<anonymous closure> (package:flutter_tools/src/base/context.dart:153:19)
<asynchronous suspension>
#9      CommandRunner.runCommand (package:args/command_runner.dart:212:13)
<asynchronous suspension>
#10     FlutterCommandRunner.runCommand.<anonymous closure> (package:flutter_tools/src/runner/flutter_command_runner.dart:355:9)
<asynchronous suspension>
#11     AppContext.run.<anonymous closure> (package:flutter_tools/src/base/context.dart:153:19)
<asynchronous suspension>
#12     FlutterCommandRunner.runCommand (package:flutter_tools/src/runner/flutter_command_runner.dart:295:5)
<asynchronous suspension>
#13     run.<anonymous closure>.<anonymous closure> (package:flutter_tools/runner.dart:119:9)
<asynchronous suspension>
#14     AppContext.run.<anonymous closure> (package:flutter_tools/src/base/context.dart:153:19)
<asynchronous suspension>
#15     main (package:flutter_tools/executable.dart:90:3)
<asynchronous suspension>
```

## flutter doctor

```
[!] Flutter (Channel stable, 3.19.6, on Microsoft Windows [Version 10.0.19045.4291], locale en-US)
    • Flutter version 3.19.6 on channel stable at C:\Users\Infotech\Downloads\flutter
    ! Warning: `dart` on your path resolves to C:\Users\Infotech\Downloads\dartsdk-windows-x64-release\dart-sdk\bin\dart.exe, which is not inside your current Flutter SDK checkout at C:\Users\Infotech\Downloads\flutter. Consider adding C:\Users\Infotech\Downloads\flutter\bin to the front of your path.
    • Upstream repository https://github.com/flutter/flutter.git
    • Framework revision 54e66469a9 (11 days ago), 2024-04-17 13:08:03 -0700
    • Engine revision c4cd48e186
    • Dart version 3.3.4
    • DevTools version 2.31.1
    • If those were intentional, you can disregard the above warnings; however it is recommended to use "git" directly to perform update checks and upgrades.

[✓] Windows Version (Installed version of Windows is version 10 or higher)

[!] Android toolchain - develop for Android devices (Android SDK version 34.0.0)
    • Android SDK at C:\Users\Infotech\AppData\Local\Android\sdk
    • Platform android-34, build-tools 34.0.0
    • Java binary at: C:\Program Files\Android\Android Studio\jbr\bin\java
    • Java version OpenJDK Runtime Environment (build 17.0.6+0-b2043.56-10027231)
    ! Some Android licenses not accepted. To resolve this, run: flutter doctor --android-licenses

[✓] Chrome - develop for the web
    • Chrome at C:\Program Files (x86)\Google\Chrome\Application\chrome.exe

[✗] Visual Studio - develop Windows apps
    ✗ Visual Studio not installed; this is necessary to develop Windows apps.
      Download at https://visualstudio.microsoft.com/downloads/.
      Please install the "Desktop development with C++" workload, including all of its default components

[✓] Android Studio (version 2022.3)
    • Android Studio at C:\Program Files\Android\Android Studio
    • Flutter plugin can be installed from:
      🔨 https://plugins.jetbrains.com/plugin/9212-flutter
    • Dart plugin can be installed from:
      🔨 https://plugins.jetbrains.com/plugin/6351-dart
    • Java version OpenJDK Runtime Environment (build 17.0.6+0-b2043.56-10027231)

[✓] VS Code (version 1.88.1)
    • VS Code at C:\Users\Infotech\AppData\Local\Programs\Microsoft VS Code
    • Flutter extension version 3.86.0

[✓] Connected device (3 available)
    • Windows (desktop) • windows • windows-x64    • Microsoft Windows [Version 10.0.19045.4291]
    • Chrome (web)      • chrome  • web-javascript • Google Chrome 124.0.6367.63
    • Edge (web)        • edge    • web-javascript • Microsoft Edge 124.0.2478.67

[✓] Network resources
    • All expected network resources are available.

! Doctor found issues in 3 categories.
```
